### ISSUE TITLE
erofs-utils out of bound read when extract a filesystem image via fsck.erofs

### ISSUE THREAD

**Issue by lometsj** [lometsj/blog_repo#6]
## env
tested on fedora 37

## version
erofs-utils v1.6

## reproduce
```
➜  erofs-utils ./fsck/fsck.erofs --extract=/tmp/test_out ./output_fsck2/default:id:000018,sig:11,src:000181+000428,time:35995994,execs:141764812,op:splice,rep:16
[1]    471318 segmentation fault (core dumped)  ./fsck/fsck.erofs --extract=/tmp/test_out
➜  erofs-utils ./fsck/fsck.erofs -V
fsck.erofs 1.6
```
## bug analysis
map struct's member `m_plen` and `m_llen` is import from filesystem image which used by `struct z_erofs_decompress_req rq`
`memcpy` use `count` which depends on ` rq->decodedlength` 
```
int z_erofs_decompress(struct z_erofs_decompress_req *rq)
{
        if (rq->alg == Z_EROFS_COMPRESSION_INTERLACED) {
                unsigned int count, rightpart, skip;

                /* XXX: should support inputsize >= EROFS_BLKSIZ later */
                if (rq->inputsize > EROFS_BLKSIZ)
                        return -EFSCORRUPTED;

                DBG_BUGON(rq->decodedlength > EROFS_BLKSIZ);
                DBG_BUGON(rq->decodedlength < rq->decodedskip);
                count = rq->decodedlength - rq->decodedskip;
                skip = erofs_blkoff(rq->interlaced_offset + rq->decodedskip);
                rightpart = min(EROFS_BLKSIZ - skip, count);
                memcpy(rq->out, rq->in + skip, rightpart);
                memcpy(rq->out + rightpart, rq->in, count - rightpart);
```
so it will crash when read a value at address had no read permission
```
Program received signal SIGSEGV, Segmentation fault.
__memmove_avx_unaligned_erms () at ../sysdeps/x86_64/multiarch/memmove-vec-unaligned-erms.S:469
469             VMOVU   -VEC_SIZE(%rsi, %rdx), %VEC(5)
[ Legend: Modified register | Code | Heap | Stack | String ]
───────────────────────────────────────────────────────────────────────────────────────────────────────────────────────────────────────────────────────────────── registers ────
$rax   : 0x007ffff7b1d010  →  0x0000000000000000
$rbx   : 0x007fffffffc5d0  →  0x0000000000000000
$rcx   : 0xc00
$rdx   : 0x29f02d
$rsp   : 0x007fffffffc408  →  0x0000000040718e  →  <z_erofs_decompress+174> jmp 0x407115 <z_erofs_decompress+53>
$rbp   : 0x2a002d
$rsi   : 0x0000000040f330  →  "bbbbbbbbbbbbbbbbbbbbbbbbbbbbbbbbbbbbbbbbbbbbbbbbbb[...]"
$rdi   : 0x007ffff7b1d010  →  0x0000000000000000
$rip   : 0x007ffff7f1296b  →  <__memmove_avx_unaligned_erms+363> vmovdqu ymm5, YMMWORD PTR [rsi+rdx*1-0x20]
$r8    : 0x0
$r9    : 0x1000
$r10   : 0x4
$r11   : 0xc00000
$r12   : 0x0
$r13   : 0x0000000040f330  →  "bbbbbbbbbbbbbbbbbbbbbbbbbbbbbbbbbbbbbbbbbbbbbbbbbb[...]"
$r14   : 0x007ffff7b1c010  →  "bbbbbbbbbbbbbbbbbbbbbbbbbbbbbbbbbbbbbbbbbbbbbbbbbb[...]"
$r15   : 0x0
$eflags: [zero carry PARITY adjust sign trap INTERRUPT direction overflow RESUME virtualx86 identification]
$cs: 0x33 $ss: 0x2b $ds: 0x00 $es: 0x00 $fs: 0x00 $gs: 0x00
───────────────────────────────────────────────────────────────────────────────────────────────────────────────────────────────────────────────────────────────────── stack ────
0x007fffffffc408│+0x0000: 0x0000000040718e  →  <z_erofs_decompress+174> jmp 0x407115 <z_erofs_decompress+53>     ← $rsp
0x007fffffffc410│+0x0008: 0x007ffff7b1c010  →  "bbbbbbbbbbbbbbbbbbbbbbbbbbbbbbbbbbbbbbbbbbbbbbbbbb[...]"
0x007fffffffc418│+0x0010: 0x00000000405b7e  →  <z_erofs_read_one_data+350> xor edx, edx
0x007fffffffc420│+0x0018: 0x007fffffffd6e0  →  0x0000000000000000
0x007fffffffc428│+0x0020: 0x0000000000001000
0x007fffffffc430│+0x0028: 0x0000000000003000
0x007fffffffc438│+0x0030: 0x0000000000000000
0x007fffffffc440│+0x0038: 0x0000000040f330  →  "bbbbbbbbbbbbbbbbbbbbbbbbbbbbbbbbbbbbbbbbbbbbbbbbbb[...]"
─────────────────────────────────────────────────────────────────────────────────────────────────────────────────────────────────────────────────────────────── code:x86:64 ────
   0x7ffff7f1295c <__memmove_avx_unaligned_erms+348> and    ecx, 0xf00
   0x7ffff7f12962 <__memmove_avx_unaligned_erms+354> add    ecx, r8d
   0x7ffff7f12965 <__memmove_avx_unaligned_erms+357> je     0x7ffff7f129f5 <__memmove_avx_unaligned_erms+501>
 → 0x7ffff7f1296b <__memmove_avx_unaligned_erms+363> vmovdqu ymm5, YMMWORD PTR [rsi+rdx*1-0x20]
   0x7ffff7f12971 <__memmove_avx_unaligned_erms+369> vmovdqu ymm6, YMMWORD PTR [rsi+rdx*1-0x40]
   0x7ffff7f12977 <__memmove_avx_unaligned_erms+375> mov    rcx, rdi
   0x7ffff7f1297a <__memmove_avx_unaligned_erms+378> or     rdi, 0x1f
   0x7ffff7f1297e <__memmove_avx_unaligned_erms+382> vmovdqu ymm7, YMMWORD PTR [rsi+rdx*1-0x60]
   0x7ffff7f12984 <__memmove_avx_unaligned_erms+388> vmovdqu ymm8, YMMWORD PTR [rsi+rdx*1-0x80]
───────────────────────────────────────────────────────────────────────────────────────────────────────────────────────────────────────── source:../sysdeps/x86_[...].S+469 ────
    464  L(more_8x_vec_forward):
    465         /* Load first and last 4 * VEC to support overlapping addresses.
    466          */
    467
    468         /* First vec was already loaded into VEC(0).  */
 →  469         VMOVU   -VEC_SIZE(%rsi, %rdx), %VEC(5)
    470         VMOVU   -(VEC_SIZE * 2)(%rsi, %rdx), %VEC(6)
    471         /* Save begining of dst.  */
    472         movq    %rdi, %rcx
    473         /* Align dst to VEC_SIZE - 1.  */
    474         orq     $(VEC_SIZE - 1), %rdi
─────────────────────────────────────────────────────────────────────────────────────────────────────────────────────────────────────────────────────────────────── threads ────
[#0] Id 1, Name: "fsck.erofs", stopped 0x7ffff7f1296b in __memmove_avx_unaligned_erms (), reason: SIGSEGV
───────────────────────────────────────────────────────────────────────────────────────────────────────────────────────────────────────────────────────────────────── trace ────
[#0] 0x7ffff7f1296b → __memmove_avx_unaligned_erms()
[#1] 0x40718e → z_erofs_decompress(rq=0x7fffffffc440)
[#2] 0x405b7e → z_erofs_read_one_data(inode=0x7fffffffd6e0, map=0x7fffffffc5d0, raw=0x40f330 'b' <repeats 3310 times>, "@", 'b' <repeats 785 times>, buffer=0x7ffff7b1c010 'b' <repeats 3310 times>, "@", 'b' <repeats 785 times>, skip=0x0, length=0x2a002d, trimmed=0x0)
[#3] 0x402dec → erofs_verify_inode_data(inode=0x7fffffffd6e0, outfd=0xffffffff)
[#4] 0x40342f → erofs_extract_dir(inode=0x7fffffffd6e0)
[#5] 0x40342f → erofsfsck_check_inode(pnid=0x24, nid=0x24)
[#6] 0x40260e → main(argc=0x3, argv=0x7fffffffd968)
─
```

**Comment by lometsj** [comment]
[default_id_000018,sig_11,src_000181+000428,time_35995994,execs_141764812,op_splice,rep_16.zip](https://github.com/lometsj/blog_repo/files/11429591/default_id_000018.sig_11.src_000181%2B000428.time_35995994.execs_141764812.op_splice.rep_16.zip)

**Comment by hsiangkao** [comment]
Hi! I'm EROFS maintainer, fsck.erofs is still an ongoing feature for now.
Do you have some interest to fix them or I could do these for the next version.

**Comment by lometsj** [comment]
I will send a mail to [xiang@kernel.org](mailto:xiang@kernel.org)
